<?xml version='1.0' encoding='UTF-8'?>
<testsuite hostname="LAPTOP-7L6J60ES" name="LEA256Spec" tests="5" errors="0" failures="0" skipped="0" time="0.02" timestamp="2022-12-26T15:27:58">
          <properties>
      <property name="jline.esc.timeout" value="0"/><property name="java.runtime.name" value="Java(TM) SE Runtime Environment"/><property name="sun.boot.library.path" value="C:\Program Files (x86)\Java\jre1.8.0_331\bin"/><property name="java.vm.version" value="25.331-b09"/><property name="java.vm.vendor" value="Oracle Corporation"/><property name="java.vendor.url" value="http://java.oracle.com/"/><property name="path.separator" value=";"/><property name="jna.loaded" value="true"/><property name="java.vm.name" value="Java HotSpot(TM) Client VM"/><property name="file.encoding.pkg" value="sun.io"/><property name="user.country" value="JP"/><property name="user.script" value=""/><property name="sun.java.launcher" value="SUN_STANDARD"/><property name="sun.os.patch.level" value=""/><property name="jna.nosys" value="true"/><property name="java.vm.specification.name" value="Java Virtual Machine Specification"/><property name="user.dir" value="C:\Users\taniguchi hina\Documents\zemi\LEA\LEA\LEA256"/><property name="java.runtime.version" value="1.8.0_331-b09"/><property name="java.awt.graphicsenv" value="sun.awt.Win32GraphicsEnvironment"/><property name="java.endorsed.dirs" value="C:\Program Files (x86)\Java\jre1.8.0_331\lib\endorsed"/><property name="os.arch" value="x86"/><property name="java.io.tmpdir" value="C:\Users\TANIGU~1\AppData\Local\Temp\"/><property name="line.separator" value="
"/><property name="java.vm.specification.vendor" value="Oracle Corporation"/><property name="log4j.ignoreTCL" value="true"/><property name="user.variant" value=""/><property name="os.name" value="Windows 10"/><property name="sun.jnu.encoding" value="MS932"/><property name="jnidispatch.path" value="C:\Users\TANIGU~1\AppData\Local\Temp\jna--2083027386\jna5626963553426819110.dll"/><property name="java.library.path" value="C:\Program Files (x86)\Common Files\Oracle\Java\javapath;C:\WINDOWS\Sun\Java\bin;C:\WINDOWS\system32;C:\WINDOWS;C:\Program Files (x86)\Common Files\Oracle\Java\javapath;C:\Program Files (x86)\Common Files\Apple\Apple Application Support;C:\WINDOWS\system32;C:\WINDOWS;C:\WINDOWS\System32\Wbem;C:\WINDOWS\System32\WindowsPowerShell\v1.0\;C:\WINDOWS\System32\OpenSSH\;C:\Program Files (x86)\Fujitsu\FJAgent\Core\bin;C:\Program Files\Docker\Docker\resources\bin;C:\ProgramData\DockerDesktop\version-bin;C:\Users\taniguchi hina\AppData\Local\Microsoft\WindowsApps;;C:\Users\taniguchi hina\AppData\Local\Programs\Microsoft VS Code\bin;C:\Users\taniguchi hina\AppData\Local\Coursier\data\bin;."/><property name="java.specification.name" value="Java Platform API Specification"/><property name="java.class.version" value="52.0"/><property name="sun.management.compiler" value="HotSpot Client Compiler"/><property name="os.version" value="10.0"/><property name="swoval.tmpdir" value="C:\Users\taniguchi hina\.sbt\1.0"/><property name="user.home" value="C:\Users\taniguchi hina"/><property name="user.timezone" value="Asia/Tokyo"/><property name="java.awt.printerjob" value="sun.awt.windows.WPrinterJob"/><property name="file.encoding" value="UTF-8"/><property name="java.specification.version" value="1.8"/><property name="java.class.path" value="C:\Users\taniguchi hina\AppData\Local\Coursier\cache\arc\https\github.com\sbt\sbt\releases\download\v1.6.2\sbt-1.6.2.zip\sbt\bin\sbt-launch.jar"/><property name="user.name" value="taniguchi hina"/><property name="jline.shutdownhook" value="false"/><property name="java.vm.specification.version" value="1.8"/><property name="sun.java.command" value="xsbt.boot.Boot test"/><property name="java.home" value="C:\Program Files (x86)\Java\jre1.8.0_331"/><property name="sun.arch.data.model" value="32"/><property name="user.language" value="ja"/><property name="java.specification.vendor" value="Oracle Corporation"/><property name="awt.toolkit" value="sun.awt.windows.WToolkit"/><property name="java.vm.info" value="mixed mode"/><property name="java.version" value="1.8.0_331"/><property name="java.ext.dirs" value="C:\Program Files (x86)\Java\jre1.8.0_331\lib\ext;C:\WINDOWS\Sun\Java\lib\ext"/><property name="sun.boot.class.path" value="C:\Program Files (x86)\Java\jre1.8.0_331\lib\resources.jar;C:\Program Files (x86)\Java\jre1.8.0_331\lib\rt.jar;C:\Program Files (x86)\Java\jre1.8.0_331\lib\sunrsasign.jar;C:\Program Files (x86)\Java\jre1.8.0_331\lib\jsse.jar;C:\Program Files (x86)\Java\jre1.8.0_331\lib\jce.jar;C:\Program Files (x86)\Java\jre1.8.0_331\lib\charsets.jar;C:\Program Files (x86)\Java\jre1.8.0_331\lib\jfr.jar;C:\Program Files (x86)\Java\jre1.8.0_331\classes"/><property name="java.vendor" value="Oracle Corporation"/><property name="sun.stderr.encoding" value="cp65001"/><property name="file.separator" value="\"/><property name="java.vendor.url.bug" value="http://bugreport.sun.com/bugreport/"/><property name="sun.io.unicode.encoding" value="UnicodeLittle"/><property name="sun.cpu.endian" value="little"/><property name="sun.stdout.encoding" value="cp65001"/><property name="sun.desktop" value="windows"/><property name="sun.cpu.isalist" value="pentium_pro+mmx pentium_pro pentium+mmx pentium i486 i386 i86"/>
    </properties>
          <testcase classname="LEA256Spec" name="rotl should 8 tests" time="0.016">
                      
                    </testcase><testcase classname="LEA256Spec" name="rotr should 8 tests" time="0.0">
                      
                    </testcase><testcase classname="LEA256Spec" name="generateRoundKeys should 1 test" time="0.003">
                      
                    </testcase><testcase classname="LEA256Spec" name="encrypt should 1 test" time="0.001">
                      
                    </testcase><testcase classname="LEA256Spec" name="decrypt should 1 test" time="0.0">
                      
                    </testcase>
          <system-out><![CDATA[]]></system-out>
          <system-err><![CDATA[]]></system-err>
        </testsuite>