<?xml version='1.0' encoding='UTF-8'?>
<testsuite hostname="ruby" name="ArithSpec" tests="5" errors="0" failures="0" skipped="0" time="0.022" timestamp="2022-12-16T04:16:34">
          <properties>
      <property name="awt.toolkit" value="sun.awt.X11.XToolkit"/><property name="java.specification.version" value="11"/><property name="sun.cpu.isalist" value=""/><property name="sun.jnu.encoding" value="UTF-8"/><property name="sun.arch.data.model" value="64"/><property name="java.vendor.url" value="https://ubuntu.com/"/><property name="sun.boot.library.path" value="/usr/lib/jvm/java-11-openjdk-amd64/lib"/><property name="sun.java.command" value="/home/kuwakado/.sdkman/candidates/sbt/1.6.2/bin/sbt-launch.jar test"/><property name="jdk.debug" value="release"/><property name="java.specification.vendor" value="Oracle Corporation"/><property name="java.version.date" value="2022-10-18"/><property name="java.home" value="/usr/lib/jvm/java-11-openjdk-amd64"/><property name="file.separator" value="/"/><property name="java.vm.compressedOopsMode" value="32-bit"/><property name="line.separator" value="
"/><property name="java.specification.name" value="Java Platform API Specification"/><property name="java.vm.specification.vendor" value="Oracle Corporation"/><property name="sun.management.compiler" value="HotSpot 64-Bit Tiered Compilers"/><property name="java.runtime.version" value="11.0.17+8-post-Ubuntu-1ubuntu218.04"/><property name="user.name" value="kuwakado"/><property name="log4j.ignoreTCL" value="true"/><property name="file.encoding" value="UTF-8"/><property name="jnidispatch.path" value="/home/kuwakado/.cache/JNA/temp/jna2199596312154038535.tmp"/><property name="jna.loaded" value="true"/><property name="java.io.tmpdir" value="/tmp"/><property name="java.version" value="11.0.17"/><property name="java.vm.specification.name" value="Java Virtual Machine Specification"/><property name="java.awt.printerjob" value="sun.print.PSPrinterJob"/><property name="sun.os.patch.level" value="unknown"/><property name="java.library.path" value="/usr/java/packages/lib:/usr/lib/x86_64-linux-gnu/jni:/lib/x86_64-linux-gnu:/usr/lib/x86_64-linux-gnu:/usr/lib/jni:/lib:/usr/lib"/><property name="java.vendor" value="Ubuntu"/><property name="scala.ext.dirs" value="/home/kuwakado/.sbt/1.0/java9-rt-ext-ubuntu_11_0_17"/><property name="sun.io.unicode.encoding" value="UnicodeLittle"/><property name="java.class.path" value="/home/kuwakado/.sdkman/candidates/sbt/1.6.2/bin/sbt-launch.jar"/><property name="java.vm.vendor" value="Ubuntu"/><property name="jline.shutdownhook" value="false"/><property name="user.timezone" value="Asia/Tokyo"/><property name="os.name" value="Linux"/><property name="java.vm.specification.version" value="11"/><property name="sun.java.launcher" value="SUN_STANDARD"/><property name="user.country" value="US"/><property name="sun.cpu.endian" value="little"/><property name="user.home" value="/home/kuwakado"/><property name="user.language" value="en"/><property name="sbt.script" value="/home/kuwakado/.sdkman/candidates/sbt/current/bin/sbt"/><property name="swoval.tmpdir" value="/home/kuwakado/.sbt/1.0"/><property name="java.awt.graphicsenv" value="sun.awt.X11GraphicsEnvironment"/><property name="jline.esc.timeout" value="0"/><property name="path.separator" value=":"/><property name="os.version" value="4.15.0-163-generic"/><property name="jna.nosys" value="true"/><property name="java.runtime.name" value="OpenJDK Runtime Environment"/><property name="java.vm.name" value="OpenJDK 64-Bit Server VM"/><property name="jna.platform.library.path" value="/usr/lib/x86_64-linux-gnu:/lib/x86_64-linux-gnu:/lib64:/usr/lib:/lib:/lib32:/usr/lib32:/home/kuwakado/GMP-ECM/lib:/usr/lib/x86_64-linux-gnu/libfakeroot"/><property name="java.vendor.url.bug" value="https://bugs.launchpad.net/ubuntu/+source/openjdk-lts"/><property name="user.dir" value="/home/kuwakado/Class/2022-SeniorSeminars/Scala/LEA/Arith"/><property name="os.arch" value="amd64"/><property name="java.vm.info" value="mixed mode, sharing"/><property name="java.vm.version" value="11.0.17+8-post-Ubuntu-1ubuntu218.04"/><property name="java.class.version" value="55.0"/>
    </properties>
          <testcase classname="ArithSpec" name="xor should 128 tests" time="0.018">
                      
                    </testcase><testcase classname="ArithSpec" name="rotl should 128 tests" time="0.002">
                      
                    </testcase><testcase classname="ArithSpec" name="rotr should 128 tests" time="0.0">
                      
                    </testcase><testcase classname="ArithSpec" name="usadd should 128 tests" time="0.001">
                      
                    </testcase><testcase classname="ArithSpec" name="ussubb should 128 tests" time="0.001">
                      
                    </testcase>
          <system-out><![CDATA[]]></system-out>
          <system-err><![CDATA[]]></system-err>
        </testsuite>